<?xml version="1.0" encoding="UTF-8"?>
<!-- Generated by org.testng.reporters.JUnitXMLReporter -->
<testsuite ignored="1" hostname="DESKTOP-3E5SO5G" failures="1" tests="1" name="Test" time="15.903" errors="0" timestamp="2021-09-29T11:50:24 IST">
  <testcase classname="org.ab.tests.LoginPageTest" name="TCF_1" time="10.175">
    <failure type="java.lang.AssertionError" message="&amp;quot;LoginPage.nextBtn1&amp;quot;not found in yml expected object to not be null">
      <![CDATA[java.lang.AssertionError: "LoginPage.nextBtn1"not found in yml expected object to not be null
at org.ab.utils.SeleniumUtils.click(SeleniumUtils.java:19)
at org.ab.tests.LoginPageTest.TCF_1(LoginPageTest.java:41)
at java.base/java.util.concurrent.FutureTask.run(FutureTask.java:264)
at java.base/java.util.concurrent.Executors$RunnableAdapter.call(Executors.java:515)
at java.base/java.util.concurrent.FutureTask.run(FutureTask.java:264)
at java.base/java.util.concurrent.ThreadPoolExecutor.runWorker(ThreadPoolExecutor.java:1130)
at java.base/java.util.concurrent.ThreadPoolExecutor$Worker.run(ThreadPoolExecutor.java:630)
at java.base/java.lang.Thread.run(Thread.java:831)
... Removed 11 stack frames]]>
    </failure>
  </testcase> <!-- TCF_1 -->
  <testcase classname="org.ab.tests.Hooks" name="@BeforeSuite getEnvironment" time="0.0">
    <ignored/>
  </testcase> <!-- @BeforeSuite getEnvironment -->
</testsuite> <!-- Test -->
